<?xml version="1.0" encoding="UTF-8"?>
<!-- Generated by org.testng.reporters.JUnitReportReporter -->
<testsuite hostname="DESKTOP-N6BEAMG" failures="0" tests="4" name="Asserts_demo.Task2" time="64.494" errors="0" timestamp="2025-08-18T16:50:32 IST" skipped="0">
  <testcase classname="Asserts_demo.Task2" name="login" time="25.512"/>
  <testcase classname="Asserts_demo.Task2" name="search" time="12.783"/>
  <testcase classname="Asserts_demo.Task2" name="search" time="12.984"/>
  <testcase classname="Asserts_demo.Task2" name="search" time="13.215"/>
</testsuite> <!-- Asserts_demo.Task2 -->
