<?xml version="1.0" encoding="UTF-8"?>
<!-- Generated by org.testng.reporters.JUnitReportReporter -->
<testsuite hostname="DESKTOP-N6BEAMG" failures="0" tests="4" name="testing_pac.Para_Testing" time="25.871" errors="0" timestamp="2025-08-14T12:49:37 IST" skipped="0">
  <testcase classname="testing_pac.Para_Testing" name="flipkart" time="6.150"/>
  <testcase classname="testing_pac.Para_Testing" name="zeroBank" time="9.028"/>
  <testcase classname="testing_pac.Para_Testing" name="amazon" time="7.502"/>
  <testcase classname="testing_pac.Para_Testing" name="eBay" time="3.191"/>
</testsuite> <!-- testing_pac.Para_Testing -->
