<?xml version="1.0" encoding="UTF-8"?>
<!-- Generated by org.testng.reporters.JUnitReportReporter -->
<testsuite hostname="DESKTOP-N6BEAMG" failures="0" tests="1" name="testing_pac.Ebay_Project" time="16.293" errors="0" timestamp="2025-08-16T12:02:04 IST" skipped="0">
  <testcase classname="testing_pac.Ebay_Project" name="adddeletetocart" time="16.293"/>
</testsuite> <!-- testing_pac.Ebay_Project -->
