<?xml version="1.0" encoding="UTF-8"?>
<!-- Generated by org.testng.reporters.JUnitReportReporter -->
<testsuite hostname="DESKTOP-N6BEAMG" failures="0" tests="1" name="testing_pac.CrossBrowser_Testing" time="5.594" errors="0" timestamp="2025-08-14T16:12:03 IST" skipped="0">
  <testcase classname="testing_pac.CrossBrowser_Testing" name="chromebrowser" time="5.594"/>
</testsuite> <!-- testing_pac.CrossBrowser_Testing -->
