<?xml version="1.0" encoding="UTF-8"?>
<!-- Generated by org.testng.reporters.JUnitReportReporter -->
<testsuite hostname="DESKTOP-N6BEAMG" failures="0" tests="3" name="Asserts_demo.TestNG_Prac" time="36.904" errors="0" timestamp="2025-08-18T16:46:13 IST" skipped="1">
  <testcase classname="Asserts_demo.TestNG_Prac" name="login" time="25.068"/>
  <testcase classname="Asserts_demo.TestNG_Prac" name="search" time="11.836"/>
  <testcase classname="Asserts_demo.TestNG_Prac" name="logout">
    <skipped/>
  </testcase> <!-- logout -->
</testsuite> <!-- Asserts_demo.TestNG_Prac -->
