<?xml version="1.0" encoding="UTF-8"?>
<!-- Generated by org.testng.reporters.JUnitReportReporter -->
<testsuite hostname="DESKTOP-N6BEAMG" failures="0" tests="1" name="testing_pac.TestNG2" time="7.679" errors="0" timestamp="2025-08-20T11:28:05 IST" skipped="0">
  <testcase classname="testing_pac.TestNG2" name="amazon" time="7.679"/>
</testsuite> <!-- testing_pac.TestNG2 -->
