<?xml version="1.0" encoding="UTF-8"?>
<!-- Generated by org.testng.reporters.JUnitReportReporter -->
<testsuite hostname="DESKTOP-N6BEAMG" failures="0" tests="4" name="testing_pac.ExcelTest" time="25.980" errors="0" timestamp="2025-08-16T15:54:17 IST" skipped="0">
  <testcase classname="testing_pac.ExcelTest" name="testLogin" time="6.674"/>
  <testcase classname="testing_pac.ExcelTest" name="testLogin" time="6.833"/>
  <testcase classname="testing_pac.ExcelTest" name="testLogin" time="6.387"/>
  <testcase classname="testing_pac.ExcelTest" name="testLogin" time="6.086"/>
</testsuite> <!-- testing_pac.ExcelTest -->
