<?xml version="1.0" encoding="UTF-8"?>
<!-- Generated by org.testng.reporters.JUnitReportReporter -->
<testsuite hostname="DESKTOP-N6BEAMG" failures="0" tests="1" name="testing_pac.Explicit_Wait" time="6.499" errors="0" timestamp="2025-08-14T16:46:32 IST" skipped="0">
  <testcase classname="testing_pac.Explicit_Wait" name="f" time="6.499"/>
</testsuite> <!-- testing_pac.Explicit_Wait -->
