<?xml version="1.0" encoding="UTF-8"?>
<!-- Generated by org.testng.reporters.JUnitReportReporter -->
<testsuite hostname="DESKTOP-N6BEAMG" failures="0" tests="1" name="Asserts_demo.Parameter_Test" time="4.229" errors="0" timestamp="2025-08-18T16:54:27 IST" skipped="0">
  <testcase classname="Asserts_demo.Parameter_Test" name="login" time="4.229"/>
</testsuite> <!-- Asserts_demo.Parameter_Test -->
