<?xml version="1.0" encoding="UTF-8"?>
<!-- Generated by org.testng.reporters.JUnitReportReporter -->
<testsuite hostname="DESKTOP-N6BEAMG" failures="0" tests="3" name="Asserts_demo.Task4" time="37.995" errors="0" timestamp="2025-08-18T16:59:24 IST" skipped="0">
  <testcase classname="Asserts_demo.Task4" name="login" time="25.051"/>
  <testcase classname="Asserts_demo.Task4" name="search" time="6.155"/>
  <testcase classname="Asserts_demo.Task4" name="logout" time="6.789"/>
</testsuite> <!-- Asserts_demo.Task4 -->
