<?xml version="1.0" encoding="UTF-8"?>
<!-- Generated by org.testng.reporters.JUnitReportReporter -->
<testsuite hostname="DESKTOP-N6BEAMG" failures="0" tests="2" name="Asserts_demo.Selenium_dev" time="0.029" errors="0" timestamp="2025-08-18T10:34:30 IST" skipped="0">
  <testcase classname="Asserts_demo.Selenium_dev" name="title" time="0.019"/>
  <testcase classname="Asserts_demo.Selenium_dev" name="url" time="0.010"/>
</testsuite> <!-- Asserts_demo.Selenium_dev -->
