<?xml version="1.0" encoding="UTF-8"?>
<!-- Generated by org.testng.reporters.JUnitReportReporter -->
<testsuite hostname="DESKTOP-N6BEAMG" failures="0" tests="3" name="testing_pac.Ebay_Testng" time="14.175" errors="0" timestamp="2025-08-13T12:25:49 IST" skipped="0">
  <testcase classname="testing_pac.Ebay_Testng" name="search" time="4.312"/>
  <testcase classname="testing_pac.Ebay_Testng" name="search2" time="5.778"/>
  <testcase classname="testing_pac.Ebay_Testng" name="search1" time="4.085"/>
</testsuite> <!-- testing_pac.Ebay_Testng -->
