<?xml version="1.0" encoding="UTF-8"?>
<!-- Generated by org.testng.reporters.JUnitReportReporter -->
<testsuite hostname="DESKTOP-N6BEAMG" failures="0" tests="1" name="testing_pac.TestNG1" time="15.217" errors="0" timestamp="2025-08-20T11:28:05 IST" skipped="0">
  <testcase classname="testing_pac.TestNG1" name="eBay" time="15.217"/>
</testsuite> <!-- testing_pac.TestNG1 -->
